This is pdfTeX, Version 3.14159265-2.6-1.40.17 (TeX Live 2016) (preloaded format=pdflatex 2016.11.14)  11 OCT 2017 12:24
entering extended mode
 restricted \write18 enabled.
 file:line:error style messages enabled.
 %&-line parsing enabled.
**comparison.tex
(./comparison.tex
LaTeX2e <2016/03/31>
Babel <3.9r> and hyphenation patterns for 83 language(s) loaded.
(/usr/local/texlive/2016/texmf-dist/tex/latex/base/article.cls
Document Class: article 2014/09/29 v1.4h Standard LaTeX document class
(/usr/local/texlive/2016/texmf-dist/tex/latex/base/size10.clo
File: size10.clo 2014/09/29 v1.4h Standard LaTeX file (size option)
)
\c@part=\count79
\c@section=\count80
\c@subsection=\count81
\c@subsubsection=\count82
\c@paragraph=\count83
\c@subparagraph=\count84
\c@figure=\count85
\c@table=\count86
\abovecaptionskip=\skip41
\belowcaptionskip=\skip42
\bibindent=\dimen102
)
(/usr/local/texlive/2016/texmf-dist/tex/latex/geometry/geometry.sty
Package: geometry 2010/09/12 v5.6 Page Geometry

(/usr/local/texlive/2016/texmf-dist/tex/latex/graphics/keyval.sty
Package: keyval 2014/10/28 v1.15 key=value parser (DPC)
\KV@toks@=\toks14
)
(/usr/local/texlive/2016/texmf-dist/tex/generic/oberdiek/ifpdf.sty
Package: ifpdf 2016/05/14 v3.1 Provides the ifpdf switch
)
(/usr/local/texlive/2016/texmf-dist/tex/generic/oberdiek/ifvtex.sty
Package: ifvtex 2016/05/16 v1.6 Detect VTeX and its facilities (HO)
Package ifvtex Info: VTeX not detected.
)
(/usr/local/texlive/2016/texmf-dist/tex/generic/ifxetex/ifxetex.sty
Package: ifxetex 2010/09/12 v0.6 Provides ifxetex conditional
)
\Gm@cnth=\count87
\Gm@cntv=\count88
\c@Gm@tempcnt=\count89
\Gm@bindingoffset=\dimen103
\Gm@wd@mp=\dimen104
\Gm@odd@mp=\dimen105
\Gm@even@mp=\dimen106
\Gm@layoutwidth=\dimen107
\Gm@layoutheight=\dimen108
\Gm@layouthoffset=\dimen109
\Gm@layoutvoffset=\dimen110
\Gm@dimlist=\toks15
)
(/usr/local/texlive/2016/texmf-dist/tex/latex/amscls/amsthm.sty
Package: amsthm 2015/03/04 v2.20.2
\thm@style=\toks16
\thm@bodyfont=\toks17
\thm@headfont=\toks18
\thm@notefont=\toks19
\thm@headpunct=\toks20
\thm@preskip=\skip43
\thm@postskip=\skip44
\thm@headsep=\skip45
\dth@everypar=\toks21
)
(/usr/local/texlive/2016/texmf-dist/tex/latex/amsmath/amsmath.sty
Package: amsmath 2016/03/10 v2.15b AMS math features
\@mathmargin=\skip46

For additional information on amsmath, use the `?' option.
(/usr/local/texlive/2016/texmf-dist/tex/latex/amsmath/amstext.sty
Package: amstext 2000/06/29 v2.01 AMS text

(/usr/local/texlive/2016/texmf-dist/tex/latex/amsmath/amsgen.sty
File: amsgen.sty 1999/11/30 v2.0 generic functions
\@emptytoks=\toks22
\ex@=\dimen111
))
(/usr/local/texlive/2016/texmf-dist/tex/latex/amsmath/amsbsy.sty
Package: amsbsy 1999/11/29 v1.2d Bold Symbols
\pmbraise@=\dimen112
)
(/usr/local/texlive/2016/texmf-dist/tex/latex/amsmath/amsopn.sty
Package: amsopn 2016/03/08 v2.02 operator names
)
\inf@bad=\count90
LaTeX Info: Redefining \frac on input line 199.
\uproot@=\count91
\leftroot@=\count92
LaTeX Info: Redefining \overline on input line 297.
\classnum@=\count93
\DOTSCASE@=\count94
LaTeX Info: Redefining \ldots on input line 394.
LaTeX Info: Redefining \dots on input line 397.
LaTeX Info: Redefining \cdots on input line 518.
\Mathstrutbox@=\box26
\strutbox@=\box27
\big@size=\dimen113
LaTeX Font Info:    Redeclaring font encoding OML on input line 634.
LaTeX Font Info:    Redeclaring font encoding OMS on input line 635.
\macc@depth=\count95
\c@MaxMatrixCols=\count96
\dotsspace@=\muskip10
\c@parentequation=\count97
\dspbrk@lvl=\count98
\tag@help=\toks23
\row@=\count99
\column@=\count100
\maxfields@=\count101
\andhelp@=\toks24
\eqnshift@=\dimen114
\alignsep@=\dimen115
\tagshift@=\dimen116
\tagwidth@=\dimen117
\totwidth@=\dimen118
\lineht@=\dimen119
\@envbody=\toks25
\multlinegap=\skip47
\multlinetaggap=\skip48
\mathdisplay@stack=\toks26
LaTeX Info: Redefining \[ on input line 2739.
LaTeX Info: Redefining \] on input line 2740.
)
(/usr/local/texlive/2016/texmf-dist/tex/latex/amsfonts/amssymb.sty
Package: amssymb 2013/01/14 v3.01 AMS font symbols

(/usr/local/texlive/2016/texmf-dist/tex/latex/amsfonts/amsfonts.sty
Package: amsfonts 2013/01/14 v3.01 Basic AMSFonts support
\symAMSa=\mathgroup4
\symAMSb=\mathgroup5
LaTeX Font Info:    Overwriting math alphabet `\mathfrak' in version `bold'
(Font)                  U/euf/m/n --> U/euf/b/n on input line 106.
))
(/usr/local/texlive/2016/texmf-dist/tex/latex/setspace/setspace.sty
Package: setspace 2011/12/19 v6.7a set line spacing
)
(/usr/local/texlive/2016/texmf-dist/tex/latex/graphics/graphicx.sty
Package: graphicx 2014/10/28 v1.0g Enhanced LaTeX Graphics (DPC,SPQR)

(/usr/local/texlive/2016/texmf-dist/tex/latex/graphics/graphics.sty
Package: graphics 2016/05/09 v1.0r Standard LaTeX Graphics (DPC,SPQR)

(/usr/local/texlive/2016/texmf-dist/tex/latex/graphics/trig.sty
Package: trig 2016/01/03 v1.10 sin cos tan (DPC)
)
(/usr/local/texlive/2016/texmf-dist/tex/latex/graphics-cfg/graphics.cfg
File: graphics.cfg 2016/01/02 v1.10 sample graphics configuration
)
Package graphics Info: Driver file: pdftex.def on input line 96.

(/usr/local/texlive/2016/texmf-dist/tex/latex/pdftex-def/pdftex.def
File: pdftex.def 2011/05/27 v0.06d Graphics/color for pdfTeX

(/usr/local/texlive/2016/texmf-dist/tex/generic/oberdiek/infwarerr.sty
Package: infwarerr 2016/05/16 v1.4 Providing info/warning/error messages (HO)
)
(/usr/local/texlive/2016/texmf-dist/tex/generic/oberdiek/ltxcmds.sty
Package: ltxcmds 2016/05/16 v1.23 LaTeX kernel commands for general use (HO)
)
\Gread@gobject=\count102
))
\Gin@req@height=\dimen120
\Gin@req@width=\dimen121
)
(/usr/local/texlive/2016/texmf-dist/tex/latex/graphics/color.sty
Package: color 2016/05/09 v1.1c Standard LaTeX Color (DPC)

(/usr/local/texlive/2016/texmf-dist/tex/latex/graphics-cfg/color.cfg
File: color.cfg 2016/01/02 v1.6 sample color configuration
)
Package color Info: Driver file: pdftex.def on input line 144.
)
(/usr/local/texlive/2016/texmf-dist/tex/latex/tools/tabularx.sty
Package: tabularx 2016/02/03 v2.11 `tabularx' package (DPC)

(/usr/local/texlive/2016/texmf-dist/tex/latex/tools/array.sty
Package: array 2014/10/28 v2.4c Tabular extension package (FMi)
\col@sep=\dimen122
\extrarowheight=\dimen123
\NC@list=\toks27
\extratabsurround=\skip49
\backup@length=\skip50
)
\TX@col@width=\dimen124
\TX@old@table=\dimen125
\TX@old@col=\dimen126
\TX@target=\dimen127
\TX@delta=\dimen128
\TX@cols=\count103
\TX@ftn=\toks28
)
(/usr/local/texlive/2016/texmf-dist/tex/latex/float/float.sty
Package: float 2001/11/08 v1.3d Float enhancements (AL)
\c@float@type=\count104
\float@exts=\toks29
\float@box=\box28
\@float@everytoks=\toks30
\@floatcapt=\box29
)
\c@theorem=\count105
\c@proposition=\count106
\c@corollary=\count107

(/usr/local/texlive/2016/texmf-dist/tex/generic/babel/babel.sty
Package: babel 2016/04/23 3.9r The Babel package

(/usr/local/texlive/2016/texmf-dist/tex/generic/babel-english/english.ldf
Language: english 2012/08/20 v3.3p English support from the babel system

(/usr/local/texlive/2016/texmf-dist/tex/generic/babel/babel.def
File: babel.def 2016/04/23 3.9r Babel common definitions
\babel@savecnt=\count108
\U@D=\dimen129
)
\l@canadian = a dialect from \language\l@american 
\l@australian = a dialect from \language\l@british 
\l@newzealand = a dialect from \language\l@british 
))
(./comparison.aux)
\openout1 = `comparison.aux'.

LaTeX Font Info:    Checking defaults for OML/cmm/m/it on input line 37.
LaTeX Font Info:    ... okay on input line 37.
LaTeX Font Info:    Checking defaults for T1/cmr/m/n on input line 37.
LaTeX Font Info:    ... okay on input line 37.
LaTeX Font Info:    Checking defaults for OT1/cmr/m/n on input line 37.
LaTeX Font Info:    ... okay on input line 37.
LaTeX Font Info:    Checking defaults for OMS/cmsy/m/n on input line 37.
LaTeX Font Info:    ... okay on input line 37.
LaTeX Font Info:    Checking defaults for OMX/cmex/m/n on input line 37.
LaTeX Font Info:    ... okay on input line 37.
LaTeX Font Info:    Checking defaults for U/cmr/m/n on input line 37.
LaTeX Font Info:    ... okay on input line 37.

*geometry* driver: auto-detecting
*geometry* detected driver: pdftex
*geometry* verbose mode - [ preamble ] result:
* driver: pdftex
* paper: letterpaper
* layout: <same size as paper>
* layoutoffset:(h,v)=(0.0pt,0.0pt)
* modes: 
* h-part:(L,W,R)=(71.13188pt, 451.01793pt, 92.14519pt)
* v-part:(T,H,B)=(28.45274pt, 695.38536pt, 71.13188pt)
* \paperwidth=614.295pt
* \paperheight=794.96999pt
* \textwidth=451.01793pt
* \textheight=695.38536pt
* \oddsidemargin=-1.1381pt
* \evensidemargin=-1.1381pt
* \topmargin=-80.81725pt
* \headheight=12.0pt
* \headsep=25.0pt
* \topskip=10.0pt
* \footskip=30.0pt
* \marginparwidth=65.0pt
* \marginparsep=11.0pt
* \columnsep=10.0pt
* \skip\footins=9.0pt plus 4.0pt minus 2.0pt
* \hoffset=0.0pt
* \voffset=0.0pt
* \mag=1000
* \@twocolumnfalse
* \@twosidefalse
* \@mparswitchfalse
* \@reversemarginfalse
* (1in=72.27pt=25.4mm, 1cm=28.453pt)

(/usr/local/texlive/2016/texmf-dist/tex/context/base/mkii/supp-pdf.mkii
[Loading MPS to PDF converter (version 2006.09.02).]
\scratchcounter=\count109
\scratchdimen=\dimen130
\scratchbox=\box30
\nofMPsegments=\count110
\nofMParguments=\count111
\everyMPshowfont=\toks31
\MPscratchCnt=\count112
\MPscratchDim=\dimen131
\MPnumerator=\count113
\makeMPintoPDFobject=\count114
\everyMPtoPDFconversion=\toks32
) (/usr/local/texlive/2016/texmf-dist/tex/generic/oberdiek/pdftexcmds.sty
Package: pdftexcmds 2016/05/10 v0.21 Utility functions of pdfTeX for LuaTeX (HO
)

(/usr/local/texlive/2016/texmf-dist/tex/generic/oberdiek/ifluatex.sty
Package: ifluatex 2016/05/16 v1.4 Provides the ifluatex switch (HO)
Package ifluatex Info: LuaTeX not detected.
)
Package pdftexcmds Info: LuaTeX not detected.
Package pdftexcmds Info: \pdf@primitive is available.
Package pdftexcmds Info: \pdf@ifprimitive is available.
Package pdftexcmds Info: \pdfdraftmode found.
)
(/usr/local/texlive/2016/texmf-dist/tex/latex/oberdiek/epstopdf-base.sty
Package: epstopdf-base 2016/05/15 v2.6 Base part for package epstopdf

(/usr/local/texlive/2016/texmf-dist/tex/latex/oberdiek/grfext.sty
Package: grfext 2016/05/16 v1.2 Manage graphics extensions (HO)

(/usr/local/texlive/2016/texmf-dist/tex/generic/oberdiek/kvdefinekeys.sty
Package: kvdefinekeys 2016/05/16 v1.4 Define keys (HO)
))
(/usr/local/texlive/2016/texmf-dist/tex/latex/oberdiek/kvoptions.sty
Package: kvoptions 2016/05/16 v3.12 Key value format for package options (HO)

(/usr/local/texlive/2016/texmf-dist/tex/generic/oberdiek/kvsetkeys.sty
Package: kvsetkeys 2016/05/16 v1.17 Key value parser (HO)

(/usr/local/texlive/2016/texmf-dist/tex/generic/oberdiek/etexcmds.sty
Package: etexcmds 2016/05/16 v1.6 Avoid name clashes with e-TeX commands (HO)
Package etexcmds Info: Could not find \expanded.
(etexcmds)             That can mean that you are not using pdfTeX 1.50 or
(etexcmds)             that some package has redefined \expanded.
(etexcmds)             In the latter case, load this package earlier.
)))
Package grfext Info: Graphics extension search list:
(grfext)             [.png,.pdf,.jpg,.mps,.jpeg,.jbig2,.jb2,.PNG,.PDF,.JPG,.JPE
G,.JBIG2,.JB2,.eps]
(grfext)             \AppendGraphicsExtensions on input line 456.

(/usr/local/texlive/2016/texmf-dist/tex/latex/latexconfig/epstopdf-sys.cfg
File: epstopdf-sys.cfg 2010/07/13 v1.3 Configuration of (r)epstopdf for TeX Liv
e
))
LaTeX Font Info:    Try loading font information for U+msa on input line 40.

(/usr/local/texlive/2016/texmf-dist/tex/latex/amsfonts/umsa.fd
File: umsa.fd 2013/01/14 v3.01 AMS symbols A
)
LaTeX Font Info:    Try loading font information for U+msb on input line 40.

(/usr/local/texlive/2016/texmf-dist/tex/latex/amsfonts/umsb.fd
File: umsb.fd 2013/01/14 v3.01 AMS symbols B
)

LaTeX Warning: No \author given.

LaTeX Font Info:    Try loading font information for OMS+cmr on input line 44.
(/usr/local/texlive/2016/texmf-dist/tex/latex/base/omscmr.fd
File: omscmr.fd 2014/09/29 v2.5h Standard LaTeX font definitions
)
LaTeX Font Info:    Font shape `OMS/cmr/m/n' in size <10> not available
(Font)              Font shape `OMS/cmsy/m/n' tried instead on input line 44.

<(UnifF_UnifW)Max_gain_of_forecasting_1.jpg, id=1, 642.4pt x 481.8pt>
File: (UnifF_UnifW)Max_gain_of_forecasting_1.jpg Graphic file (type jpg)

<use (UnifF_UnifW)Max_gain_of_forecasting_1.jpg>
Package pdftex.def Info: (UnifF_UnifW)Max_gain_of_forecasting_1.jpg used on inp
ut line 74.
(pdftex.def)             Requested size: 216.48666pt x 162.36154pt.

<(UnifF_UnifW)Max_lose_of_forecasting_1.jpg, id=2, 642.4pt x 481.8pt>
File: (UnifF_UnifW)Max_lose_of_forecasting_1.jpg Graphic file (type jpg)

<use (UnifF_UnifW)Max_lose_of_forecasting_1.jpg>
Package pdftex.def Info: (UnifF_UnifW)Max_lose_of_forecasting_1.jpg used on inp
ut line 77.
(pdftex.def)             Requested size: 216.48666pt x 162.36154pt.
 [1

{/usr/local/texlive/2016/texmf-var/fonts/map/pdftex/updmap/pdftex.map}]
<Ind(UnifF_UnifW)Avg_gain_of_forecasting_1.jpg, id=18, 642.4pt x 481.8pt>
File: Ind(UnifF_UnifW)Avg_gain_of_forecasting_1.jpg Graphic file (type jpg)

<use Ind(UnifF_UnifW)Avg_gain_of_forecasting_1.jpg>
Package pdftex.def Info: Ind(UnifF_UnifW)Avg_gain_of_forecasting_1.jpg used on 
input line 85.
(pdftex.def)             Requested size: 216.48666pt x 162.36154pt.

<Ind(UnifF_UnifW)Avg_lose_of_forecasting_1.jpg, id=19, 642.4pt x 481.8pt>
File: Ind(UnifF_UnifW)Avg_lose_of_forecasting_1.jpg Graphic file (type jpg)

<use Ind(UnifF_UnifW)Avg_lose_of_forecasting_1.jpg>
Package pdftex.def Info: Ind(UnifF_UnifW)Avg_lose_of_forecasting_1.jpg used on 
input line 88.
(pdftex.def)             Requested size: 216.48666pt x 162.36154pt.

<(Beta(1_0dot2)F_UnifW)Max_gain_of_forecasting_1.jpg, id=20, 642.4pt x 481.8pt>
File: (Beta(1_0dot2)F_UnifW)Max_gain_of_forecasting_1.jpg Graphic file (type jp
g)
<use (Beta(1_0dot2)F_UnifW)Max_gain_of_forecasting_1.jpg>
Package pdftex.def Info: (Beta(1_0dot2)F_UnifW)Max_gain_of_forecasting_1.jpg us
ed on input line 97.
(pdftex.def)             Requested size: 216.48666pt x 162.36154pt.

<(Beta(1_0dot2)F_UnifW)Max_lose_of_forecasting_1.jpg, id=21, 642.4pt x 481.8pt>
File: (Beta(1_0dot2)F_UnifW)Max_lose_of_forecasting_1.jpg Graphic file (type jp
g)
<use (Beta(1_0dot2)F_UnifW)Max_lose_of_forecasting_1.jpg>
Package pdftex.def Info: (Beta(1_0dot2)F_UnifW)Max_lose_of_forecasting_1.jpg us
ed on input line 100.
(pdftex.def)             Requested size: 216.48666pt x 162.36154pt.

<Ind(Beta(1_0dot2)F_UnifW)Avg_gain_of_forecasting_1.jpg, id=22, 642.4pt x 481.8
pt>
File: Ind(Beta(1_0dot2)F_UnifW)Avg_gain_of_forecasting_1.jpg Graphic file (type
 jpg)
 <use Ind(Beta(1_0dot2)F_UnifW)Avg_gain_of_forecasting_1.jpg>
Package pdftex.def Info: Ind(Beta(1_0dot2)F_UnifW)Avg_gain_of_forecasting_1.jpg
 used on input line 108.
(pdftex.def)             Requested size: 216.48666pt x 162.36154pt.

<Ind(Beta(1_0dot2)F_UnifW)Avg_lose_of_forecasting_1.jpg, id=23, 642.4pt x 481.8
pt>
File: Ind(Beta(1_0dot2)F_UnifW)Avg_lose_of_forecasting_1.jpg Graphic file (type
 jpg)
 <use Ind(Beta(1_0dot2)F_UnifW)Avg_lose_of_forecasting_1.jpg>
Package pdftex.def Info: Ind(Beta(1_0dot2)F_UnifW)Avg_lose_of_forecasting_1.jpg
 used on input line 111.
(pdftex.def)             Requested size: 216.48666pt x 162.36154pt.
 [2 <./(UnifF_UnifW)Max_gain_of_forecasting_1.jpg> <./(UnifF_UnifW)Max_lose_of_
forecasting_1.jpg> <./Ind(UnifF_UnifW)Avg_gain_of_forecasting_1.jpg> <./Ind(Uni
fF_UnifW)Avg_lose_of_forecasting_1.jpg> <./(Beta(1_0dot2)F_UnifW)Max_gain_of_fo
recasting_1.jpg> <./(Beta(1_0dot2)F_UnifW)Max_lose_of_forecasting_1.jpg>]
<(Beta(0dot2_1)F_UnifW)Max_gain_of_forecasting_1.jpg, id=27, 642.4pt x 481.8pt>
File: (Beta(0dot2_1)F_UnifW)Max_gain_of_forecasting_1.jpg Graphic file (type jp
g)
<use (Beta(0dot2_1)F_UnifW)Max_gain_of_forecasting_1.jpg>
Package pdftex.def Info: (Beta(0dot2_1)F_UnifW)Max_gain_of_forecasting_1.jpg us
ed on input line 120.
(pdftex.def)             Requested size: 216.48666pt x 162.36154pt.

<(Beta(0dot2_1)F_UnifW)Max_lose_of_forecasting_1.jpg, id=28, 642.4pt x 481.8pt>
File: (Beta(0dot2_1)F_UnifW)Max_lose_of_forecasting_1.jpg Graphic file (type jp
g)
<use (Beta(0dot2_1)F_UnifW)Max_lose_of_forecasting_1.jpg>
Package pdftex.def Info: (Beta(0dot2_1)F_UnifW)Max_lose_of_forecasting_1.jpg us
ed on input line 123.
(pdftex.def)             Requested size: 216.48666pt x 162.36154pt.

<Ind(Beta(0dot2_1)F_UnifW)Avg_gain_of_forecasting_1.jpg, id=29, 642.4pt x 481.8
pt>
File: Ind(Beta(0dot2_1)F_UnifW)Avg_gain_of_forecasting_1.jpg Graphic file (type
 jpg)
 <use Ind(Beta(0dot2_1)F_UnifW)Avg_gain_of_forecasting_1.jpg>
Package pdftex.def Info: Ind(Beta(0dot2_1)F_UnifW)Avg_gain_of_forecasting_1.jpg
 used on input line 131.
(pdftex.def)             Requested size: 216.48666pt x 162.36154pt.

<Ind(Beta(0dot2_1)F_UnifW)Avg_lose_of_forecasting_1.jpg, id=30, 642.4pt x 481.8
pt>
File: Ind(Beta(0dot2_1)F_UnifW)Avg_lose_of_forecasting_1.jpg Graphic file (type
 jpg)
 <use Ind(Beta(0dot2_1)F_UnifW)Avg_lose_of_forecasting_1.jpg>
Package pdftex.def Info: Ind(Beta(0dot2_1)F_UnifW)Avg_lose_of_forecasting_1.jpg
 used on input line 134.
(pdftex.def)             Requested size: 216.48666pt x 162.36154pt.

<(Beta(100_100)F_UnifW)Max_gain_of_forecasting_1.jpg, id=31, 642.4pt x 481.8pt>
File: (Beta(100_100)F_UnifW)Max_gain_of_forecasting_1.jpg Graphic file (type jp
g)
<use (Beta(100_100)F_UnifW)Max_gain_of_forecasting_1.jpg>
Package pdftex.def Info: (Beta(100_100)F_UnifW)Max_gain_of_forecasting_1.jpg us
ed on input line 143.
(pdftex.def)             Requested size: 216.48666pt x 162.36154pt.

<(Beta(100_100)F_UnifW)Max_lose_of_forecasting_1.jpg, id=32, 642.4pt x 481.8pt>
File: (Beta(100_100)F_UnifW)Max_lose_of_forecasting_1.jpg Graphic file (type jp
g)
<use (Beta(100_100)F_UnifW)Max_lose_of_forecasting_1.jpg>
Package pdftex.def Info: (Beta(100_100)F_UnifW)Max_lose_of_forecasting_1.jpg us
ed on input line 146.
(pdftex.def)             Requested size: 216.48666pt x 162.36154pt.
 [3 <./Ind(Beta(1_0dot2)F_UnifW)Avg_gain_of_forecasting_1.jpg> <./Ind(Beta(1_0d
ot2)F_UnifW)Avg_lose_of_forecasting_1.jpg> <./(Beta(0dot2_1)F_UnifW)Max_gain_of
_forecasting_1.jpg> <./(Beta(0dot2_1)F_UnifW)Max_lose_of_forecasting_1.jpg> <./
Ind(Beta(0dot2_1)F_UnifW)Avg_gain_of_forecasting_1.jpg> <./Ind(Beta(0dot2_1)F_U
nifW)Avg_lose_of_forecasting_1.jpg>]
<Ind(Beta(100_100)F_UnifW)Avg_gain_of_forecasting_1.jpg, id=36, 642.4pt x 481.8
pt>
File: Ind(Beta(100_100)F_UnifW)Avg_gain_of_forecasting_1.jpg Graphic file (type
 jpg)
 <use Ind(Beta(100_100)F_UnifW)Avg_gain_of_forecasting_1.jpg>
Package pdftex.def Info: Ind(Beta(100_100)F_UnifW)Avg_gain_of_forecasting_1.jpg
 used on input line 154.
(pdftex.def)             Requested size: 216.48666pt x 162.36154pt.

<Ind(Beta(100_100)F_UnifW)Avg_lose_of_forecasting_1.jpg, id=37, 642.4pt x 481.8
pt>
File: Ind(Beta(100_100)F_UnifW)Avg_lose_of_forecasting_1.jpg Graphic file (type
 jpg)
 <use Ind(Beta(100_100)F_UnifW)Avg_lose_of_forecasting_1.jpg>
Package pdftex.def Info: Ind(Beta(100_100)F_UnifW)Avg_lose_of_forecasting_1.jpg
 used on input line 157.
(pdftex.def)             Requested size: 216.48666pt x 162.36154pt.

<(UnifF_Beta(100_100)W)Avg_MnEx(X=1).jpg, id=38, 642.4pt x 481.8pt>
File: (UnifF_Beta(100_100)W)Avg_MnEx(X=1).jpg Graphic file (type jpg)

<use (UnifF_Beta(100_100)W)Avg_MnEx(X=1).jpg>
Package pdftex.def Info: (UnifF_Beta(100_100)W)Avg_MnEx(X=1).jpg used on input 
line 169.
(pdftex.def)             Requested size: 216.48666pt x 162.36154pt.

<(UnifF_Beta(100_100)W)Avg_MnEx(X=0).jpg, id=39, 642.4pt x 481.8pt>
File: (UnifF_Beta(100_100)W)Avg_MnEx(X=0).jpg Graphic file (type jpg)

<use (UnifF_Beta(100_100)W)Avg_MnEx(X=0).jpg>
Package pdftex.def Info: (UnifF_Beta(100_100)W)Avg_MnEx(X=0).jpg used on input 
line 172.
(pdftex.def)             Requested size: 216.48666pt x 162.36154pt.

<(UnifF_Pareto(1dot16_1)W)Avg_MnEx(X=1).jpg, id=40, 642.4pt x 481.8pt>
File: (UnifF_Pareto(1dot16_1)W)Avg_MnEx(X=1).jpg Graphic file (type jpg)

<use (UnifF_Pareto(1dot16_1)W)Avg_MnEx(X=1).jpg>
Package pdftex.def Info: (UnifF_Pareto(1dot16_1)W)Avg_MnEx(X=1).jpg used on inp
ut line 181.
(pdftex.def)             Requested size: 216.48666pt x 162.36154pt.

<(UnifF_Pareto(1dot16_1)W)Avg_MnEx(X=0).jpg, id=41, 642.4pt x 481.8pt>
File: (UnifF_Pareto(1dot16_1)W)Avg_MnEx(X=0).jpg Graphic file (type jpg)

<use (UnifF_Pareto(1dot16_1)W)Avg_MnEx(X=0).jpg>
Package pdftex.def Info: (UnifF_Pareto(1dot16_1)W)Avg_MnEx(X=0).jpg used on inp
ut line 184.
(pdftex.def)             Requested size: 216.48666pt x 162.36154pt.
 [4 <./(Beta(100_100)F_UnifW)Max_gain_of_forecasting_1.jpg> <./(Beta(100_100)F_
UnifW)Max_lose_of_forecasting_1.jpg> <./Ind(Beta(100_100)F_UnifW)Avg_gain_of_fo
recasting_1.jpg> <./Ind(Beta(100_100)F_UnifW)Avg_lose_of_forecasting_1.jpg> <./
(UnifF_Beta(100_100)W)Avg_MnEx(X=1).jpg> <./(UnifF_Beta(100_100)W)Avg_MnEx(X=0)
.jpg>]
<(Beta(0dot3_0dot3)F_Beta(100_100)W)Avg_MnEx(X=1).jpg, id=45, 642.4pt x 481.8pt
>
File: (Beta(0dot3_0dot3)F_Beta(100_100)W)Avg_MnEx(X=1).jpg Graphic file (type j
pg)
 <use (Beta(0dot3_0dot3)F_Beta(100_100)W)Avg_MnEx(X=1).jpg>
Package pdftex.def Info: (Beta(0dot3_0dot3)F_Beta(100_100)W)Avg_MnEx(X=1).jpg u
sed on input line 193.
(pdftex.def)             Requested size: 216.48666pt x 162.36154pt.

<(Beta(0dot3_0dot3)F_Beta(100_100)W)Avg_MnEx(X=0).jpg, id=46, 642.4pt x 481.8pt
>
File: (Beta(0dot3_0dot3)F_Beta(100_100)W)Avg_MnEx(X=0).jpg Graphic file (type j
pg)
 <use (Beta(0dot3_0dot3)F_Beta(100_100)W)Avg_MnEx(X=0).jpg>
Package pdftex.def Info: (Beta(0dot3_0dot3)F_Beta(100_100)W)Avg_MnEx(X=0).jpg u
sed on input line 196.
(pdftex.def)             Requested size: 216.48666pt x 162.36154pt.

<(Beta(0dot3_0dot3)F_Pareto(1dot16_1)W)Avg_MnEx(X=1).jpg, id=47, 642.4pt x 481.
8pt>
File: (Beta(0dot3_0dot3)F_Pareto(1dot16_1)W)Avg_MnEx(X=1).jpg Graphic file (typ
e jpg)
 <use (Beta(0dot3_0dot3)F_Pareto(1dot16_1)W)Avg_MnEx(X=1).jpg>
Package pdftex.def Info: (Beta(0dot3_0dot3)F_Pareto(1dot16_1)W)Avg_MnEx(X=1).jp
g used on input line 205.
(pdftex.def)             Requested size: 216.48666pt x 162.36154pt.

<(Beta(0dot3_0dot3)F_Pareto(1dot16_1)W)Avg_MnEx(X=0).jpg, id=48, 642.4pt x 481.
8pt>
File: (Beta(0dot3_0dot3)F_Pareto(1dot16_1)W)Avg_MnEx(X=0).jpg Graphic file (typ
e jpg)
 <use (Beta(0dot3_0dot3)F_Pareto(1dot16_1)W)Avg_MnEx(X=0).jpg>
Package pdftex.def Info: (Beta(0dot3_0dot3)F_Pareto(1dot16_1)W)Avg_MnEx(X=0).jp
g used on input line 208.
(pdftex.def)             Requested size: 216.48666pt x 162.36154pt.

<(Beta(1_0dot2)F_Beta(100_100)W)Avg_MnEx(X=1).jpg, id=49, 642.4pt x 481.8pt>
File: (Beta(1_0dot2)F_Beta(100_100)W)Avg_MnEx(X=1).jpg Graphic file (type jpg)

<use (Beta(1_0dot2)F_Beta(100_100)W)Avg_MnEx(X=1).jpg>
Package pdftex.def Info: (Beta(1_0dot2)F_Beta(100_100)W)Avg_MnEx(X=1).jpg used 
on input line 220.
(pdftex.def)             Requested size: 216.48666pt x 162.36154pt.

<(Beta(1_0dot2)F_Beta(100_100)W)Avg_MnEx(X=0).jpg, id=50, 642.4pt x 481.8pt>
File: (Beta(1_0dot2)F_Beta(100_100)W)Avg_MnEx(X=0).jpg Graphic file (type jpg)

<use (Beta(1_0dot2)F_Beta(100_100)W)Avg_MnEx(X=0).jpg>
Package pdftex.def Info: (Beta(1_0dot2)F_Beta(100_100)W)Avg_MnEx(X=0).jpg used 
on input line 223.
(pdftex.def)             Requested size: 216.48666pt x 162.36154pt.
 [5 <./(UnifF_Pareto(1dot16_1)W)Avg_MnEx(X=1).jpg> <./(UnifF_Pareto(1dot16_1)W)
Avg_MnEx(X=0).jpg> <./(Beta(0dot3_0dot3)F_Beta(100_100)W)Avg_MnEx(X=1).jpg> <./
(Beta(0dot3_0dot3)F_Beta(100_100)W)Avg_MnEx(X=0).jpg> <./(Beta(0dot3_0dot3)F_Pa
reto(1dot16_1)W)Avg_MnEx(X=1).jpg> <./(Beta(0dot3_0dot3)F_Pareto(1dot16_1)W)Avg
_MnEx(X=0).jpg>]
<(Beta(1_0dot2)F_Pareto(1dot16_1)W)Avg_MnEx(X=1).jpg, id=54, 642.4pt x 481.8pt>
File: (Beta(1_0dot2)F_Pareto(1dot16_1)W)Avg_MnEx(X=1).jpg Graphic file (type jp
g)
<use (Beta(1_0dot2)F_Pareto(1dot16_1)W)Avg_MnEx(X=1).jpg>
Package pdftex.def Info: (Beta(1_0dot2)F_Pareto(1dot16_1)W)Avg_MnEx(X=1).jpg us
ed on input line 234.
(pdftex.def)             Requested size: 216.48666pt x 162.36154pt.

<(Beta(1_0dot2)F_Pareto(1dot16_1)W)Avg_MnEx(X=0).jpg, id=55, 642.4pt x 481.8pt>
File: (Beta(1_0dot2)F_Pareto(1dot16_1)W)Avg_MnEx(X=0).jpg Graphic file (type jp
g)
<use (Beta(1_0dot2)F_Pareto(1dot16_1)W)Avg_MnEx(X=0).jpg>
Package pdftex.def Info: (Beta(1_0dot2)F_Pareto(1dot16_1)W)Avg_MnEx(X=0).jpg us
ed on input line 237.
(pdftex.def)             Requested size: 216.48666pt x 162.36154pt.
 [6 <./(Beta(1_0dot2)F_Beta(100_100)W)Avg_MnEx(X=1).jpg> <./(Beta(1_0dot2)F_Bet
a(100_100)W)Avg_MnEx(X=0).jpg> <./(Beta(1_0dot2)F_Pareto(1dot16_1)W)Avg_MnEx(X=
1).jpg> <./(Beta(1_0dot2)F_Pareto(1dot16_1)W)Avg_MnEx(X=0).jpg>]
<MnEx(UnifF_UnifW)Avg_MnEx(X=1).jpg, id=59, 642.4pt x 481.8pt>
File: MnEx(UnifF_UnifW)Avg_MnEx(X=1).jpg Graphic file (type jpg)

<use MnEx(UnifF_UnifW)Avg_MnEx(X=1).jpg>
Package pdftex.def Info: MnEx(UnifF_UnifW)Avg_MnEx(X=1).jpg used on input line 
254.
(pdftex.def)             Requested size: 216.48666pt x 162.36154pt.

<MnEx(UnifF_UnifW)Avg_MnEx(X=0).jpg, id=60, 642.4pt x 481.8pt>
File: MnEx(UnifF_UnifW)Avg_MnEx(X=0).jpg Graphic file (type jpg)

<use MnEx(UnifF_UnifW)Avg_MnEx(X=0).jpg>
Package pdftex.def Info: MnEx(UnifF_UnifW)Avg_MnEx(X=0).jpg used on input line 
258.
(pdftex.def)             Requested size: 216.48666pt x 162.36154pt.

<(uniform)Max_MnEx(X=1).jpg, id=61, 642.4pt x 481.8pt>
File: (uniform)Max_MnEx(X=1).jpg Graphic file (type jpg)

<use (uniform)Max_MnEx(X=1).jpg>
Package pdftex.def Info: (uniform)Max_MnEx(X=1).jpg used on input line 266.
(pdftex.def)             Requested size: 216.48666pt x 162.36154pt.

<(uniform)Max_MnEx(X=0).jpg, id=62, 642.4pt x 481.8pt>
File: (uniform)Max_MnEx(X=0).jpg Graphic file (type jpg)

<use (uniform)Max_MnEx(X=0).jpg>
Package pdftex.def Info: (uniform)Max_MnEx(X=0).jpg used on input line 269.
(pdftex.def)             Requested size: 216.48666pt x 162.36154pt.

<(uniform)Min_MnEx(X=1).jpg, id=63, 642.4pt x 481.8pt>
File: (uniform)Min_MnEx(X=1).jpg Graphic file (type jpg)

<use (uniform)Min_MnEx(X=1).jpg>
Package pdftex.def Info: (uniform)Min_MnEx(X=1).jpg used on input line 277.
(pdftex.def)             Requested size: 216.48666pt x 162.36154pt.

<(uniform)Min_MnEx(X=0).jpg, id=64, 642.4pt x 481.8pt>
File: (uniform)Min_MnEx(X=0).jpg Graphic file (type jpg)

<use (uniform)Min_MnEx(X=0).jpg>
Package pdftex.def Info: (uniform)Min_MnEx(X=0).jpg used on input line 280.
(pdftex.def)             Requested size: 216.48666pt x 162.36154pt.
 [7 <./MnEx(UnifF_UnifW)Avg_MnEx(X=1).jpg> <./MnEx(UnifF_UnifW)Avg_MnEx(X=0).jp
g> <./(uniform)Max_MnEx(X=1).jpg> <./(uniform)Max_MnEx(X=0).jpg> <./(uniform)Mi
n_MnEx(X=1).jpg> <./(uniform)Min_MnEx(X=0).jpg>] <MnEx(Beta(0dot3_0dot3)F_UnifW
)Avg_MnEx(X=1).jpg, id=69, 642.4pt x 481.8pt>
File: MnEx(Beta(0dot3_0dot3)F_UnifW)Avg_MnEx(X=1).jpg Graphic file (type jpg)

<use MnEx(Beta(0dot3_0dot3)F_UnifW)Avg_MnEx(X=1).jpg>
Package pdftex.def Info: MnEx(Beta(0dot3_0dot3)F_UnifW)Avg_MnEx(X=1).jpg used o
n input line 292.
(pdftex.def)             Requested size: 216.48666pt x 162.36154pt.

<MnEx(Beta(0dot3_0dot3)F_UnifW)Avg_MnEx(X=0).jpg, id=70, 642.4pt x 481.8pt>
File: MnEx(Beta(0dot3_0dot3)F_UnifW)Avg_MnEx(X=0).jpg Graphic file (type jpg)

<use MnEx(Beta(0dot3_0dot3)F_UnifW)Avg_MnEx(X=0).jpg>
Package pdftex.def Info: MnEx(Beta(0dot3_0dot3)F_UnifW)Avg_MnEx(X=0).jpg used o
n input line 296.
(pdftex.def)             Requested size: 216.48666pt x 162.36154pt.

<(Beta_0dot3_0dot3)Max_MnEx(X=1).jpg, id=71, 642.4pt x 481.8pt>
File: (Beta_0dot3_0dot3)Max_MnEx(X=1).jpg Graphic file (type jpg)

<use (Beta_0dot3_0dot3)Max_MnEx(X=1).jpg>
Package pdftex.def Info: (Beta_0dot3_0dot3)Max_MnEx(X=1).jpg used on input line
 304.
(pdftex.def)             Requested size: 216.48666pt x 162.36154pt.

<(Beta_0dot3_0dot3)Max_MnEx(X=0).jpg, id=72, 642.4pt x 481.8pt>
File: (Beta_0dot3_0dot3)Max_MnEx(X=0).jpg Graphic file (type jpg)

<use (Beta_0dot3_0dot3)Max_MnEx(X=0).jpg>
Package pdftex.def Info: (Beta_0dot3_0dot3)Max_MnEx(X=0).jpg used on input line
 307.
(pdftex.def)             Requested size: 216.48666pt x 162.36154pt.

<(Beta_0dot3_0dot3)Min_MnEx(X=1).jpg, id=73, 642.4pt x 481.8pt>
File: (Beta_0dot3_0dot3)Min_MnEx(X=1).jpg Graphic file (type jpg)

<use (Beta_0dot3_0dot3)Min_MnEx(X=1).jpg>
Package pdftex.def Info: (Beta_0dot3_0dot3)Min_MnEx(X=1).jpg used on input line
 315.
(pdftex.def)             Requested size: 216.48666pt x 162.36154pt.

<(Beta_0dot3_0dot3)Min_MnEx(X=0).jpg, id=74, 642.4pt x 481.8pt>
File: (Beta_0dot3_0dot3)Min_MnEx(X=0).jpg Graphic file (type jpg)

<use (Beta_0dot3_0dot3)Min_MnEx(X=0).jpg>
Package pdftex.def Info: (Beta_0dot3_0dot3)Min_MnEx(X=0).jpg used on input line
 318.
(pdftex.def)             Requested size: 216.48666pt x 162.36154pt.
 [8 <./MnEx(Beta(0dot3_0dot3)F_UnifW)Avg_MnEx(X=1).jpg> <./MnEx(Beta(0dot3_0dot
3)F_UnifW)Avg_MnEx(X=0).jpg> <./(Beta_0dot3_0dot3)Max_MnEx(X=1).jpg> <./(Beta_0
dot3_0dot3)Max_MnEx(X=0).jpg> <./(Beta_0dot3_0dot3)Min_MnEx(X=1).jpg> <./(Beta_
0dot3_0dot3)Min_MnEx(X=0).jpg>]
<MnEx(Beta(1_0dot2)F_UnifW)Avg_MnEx(X=1).jpg, id=78, 642.4pt x 481.8pt>
File: MnEx(Beta(1_0dot2)F_UnifW)Avg_MnEx(X=1).jpg Graphic file (type jpg)

<use MnEx(Beta(1_0dot2)F_UnifW)Avg_MnEx(X=1).jpg>
Package pdftex.def Info: MnEx(Beta(1_0dot2)F_UnifW)Avg_MnEx(X=1).jpg used on in
put line 329.
(pdftex.def)             Requested size: 216.48666pt x 162.36154pt.

<MnEx(Beta(1_0dot2)F_UnifW)Avg_MnEx(X=0).jpg, id=79, 642.4pt x 481.8pt>
File: MnEx(Beta(1_0dot2)F_UnifW)Avg_MnEx(X=0).jpg Graphic file (type jpg)

<use MnEx(Beta(1_0dot2)F_UnifW)Avg_MnEx(X=0).jpg>
Package pdftex.def Info: MnEx(Beta(1_0dot2)F_UnifW)Avg_MnEx(X=0).jpg used on in
put line 333.
(pdftex.def)             Requested size: 216.48666pt x 162.36154pt.

<(Beta_1_0dot2)Max_MnEx(X=1).jpg, id=80, 642.4pt x 481.8pt>
File: (Beta_1_0dot2)Max_MnEx(X=1).jpg Graphic file (type jpg)

<use (Beta_1_0dot2)Max_MnEx(X=1).jpg>
Package pdftex.def Info: (Beta_1_0dot2)Max_MnEx(X=1).jpg used on input line 341
.
(pdftex.def)             Requested size: 216.48666pt x 162.36154pt.

<(Beta_1_0dot2)Max_MnEx(X=0).jpg, id=81, 642.4pt x 481.8pt>
File: (Beta_1_0dot2)Max_MnEx(X=0).jpg Graphic file (type jpg)

<use (Beta_1_0dot2)Max_MnEx(X=0).jpg>
Package pdftex.def Info: (Beta_1_0dot2)Max_MnEx(X=0).jpg used on input line 344
.
(pdftex.def)             Requested size: 216.48666pt x 162.36154pt.

<(Beta_1_0dot2)Min_MnEx(X=1).jpg, id=82, 642.4pt x 481.8pt>
File: (Beta_1_0dot2)Min_MnEx(X=1).jpg Graphic file (type jpg)

<use (Beta_1_0dot2)Min_MnEx(X=1).jpg>
Package pdftex.def Info: (Beta_1_0dot2)Min_MnEx(X=1).jpg used on input line 352
.
(pdftex.def)             Requested size: 216.48666pt x 162.36154pt.

<(Beta_1_0dot2)Min_MnEx(X=0).jpg, id=83, 642.4pt x 481.8pt>
File: (Beta_1_0dot2)Min_MnEx(X=0).jpg Graphic file (type jpg)

<use (Beta_1_0dot2)Min_MnEx(X=0).jpg>
Package pdftex.def Info: (Beta_1_0dot2)Min_MnEx(X=0).jpg used on input line 355
.
(pdftex.def)             Requested size: 216.48666pt x 162.36154pt.
 [9 <./MnEx(Beta(1_0dot2)F_UnifW)Avg_MnEx(X=1).jpg> <./MnEx(Beta(1_0dot2)F_Unif
W)Avg_MnEx(X=0).jpg> <./(Beta_1_0dot2)Max_MnEx(X=1).jpg> <./(Beta_1_0dot2)Max_M
nEx(X=0).jpg> <./(Beta_1_0dot2)Min_MnEx(X=1).jpg> <./(Beta_1_0dot2)Min_MnEx(X=0
).jpg>]
<MnEx(Beta(100_100)F_UnifW)Avg_MnEx(X=1).jpg, id=87, 642.4pt x 481.8pt>
File: MnEx(Beta(100_100)F_UnifW)Avg_MnEx(X=1).jpg Graphic file (type jpg)

<use MnEx(Beta(100_100)F_UnifW)Avg_MnEx(X=1).jpg>
Package pdftex.def Info: MnEx(Beta(100_100)F_UnifW)Avg_MnEx(X=1).jpg used on in
put line 366.
(pdftex.def)             Requested size: 216.48666pt x 162.36154pt.

<MnEx(Beta(100_100)F_UnifW)Avg_MnEx(X=0).jpg, id=88, 642.4pt x 481.8pt>
File: MnEx(Beta(100_100)F_UnifW)Avg_MnEx(X=0).jpg Graphic file (type jpg)

<use MnEx(Beta(100_100)F_UnifW)Avg_MnEx(X=0).jpg>
Package pdftex.def Info: MnEx(Beta(100_100)F_UnifW)Avg_MnEx(X=0).jpg used on in
put line 370.
(pdftex.def)             Requested size: 216.48666pt x 162.36154pt.

<(Beta_100_100)Max_MnEx(X=1).jpg, id=89, 642.4pt x 481.8pt>
File: (Beta_100_100)Max_MnEx(X=1).jpg Graphic file (type jpg)

<use (Beta_100_100)Max_MnEx(X=1).jpg>
Package pdftex.def Info: (Beta_100_100)Max_MnEx(X=1).jpg used on input line 378
.
(pdftex.def)             Requested size: 216.48666pt x 162.36154pt.

<(Beta_100_100)Max_MnEx(X=0).jpg, id=90, 642.4pt x 481.8pt>
File: (Beta_100_100)Max_MnEx(X=0).jpg Graphic file (type jpg)

<use (Beta_100_100)Max_MnEx(X=0).jpg>
Package pdftex.def Info: (Beta_100_100)Max_MnEx(X=0).jpg used on input line 381
.
(pdftex.def)             Requested size: 216.48666pt x 162.36154pt.

<(Beta_100_100)Min_MnEx(X=1).jpg, id=91, 642.4pt x 481.8pt>
File: (Beta_100_100)Min_MnEx(X=1).jpg Graphic file (type jpg)

<use (Beta_100_100)Min_MnEx(X=1).jpg>
Package pdftex.def Info: (Beta_100_100)Min_MnEx(X=1).jpg used on input line 389
.
(pdftex.def)             Requested size: 216.48666pt x 162.36154pt.

<(Beta_100_100)Min_MnEx(X=0).jpg, id=92, 642.4pt x 481.8pt>
File: (Beta_100_100)Min_MnEx(X=0).jpg Graphic file (type jpg)

<use (Beta_100_100)Min_MnEx(X=0).jpg>
Package pdftex.def Info: (Beta_100_100)Min_MnEx(X=0).jpg used on input line 392
.
(pdftex.def)             Requested size: 216.48666pt x 162.36154pt.
 [10 <./MnEx(Beta(100_100)F_UnifW)Avg_MnEx(X=1).jpg> <./MnEx(Beta(100_100)F_Uni
fW)Avg_MnEx(X=0).jpg> <./(Beta_100_100)Max_MnEx(X=1).jpg> <./(Beta_100_100)Max_
MnEx(X=0).jpg> <./(Beta_100_100)Min_MnEx(X=1).jpg> <./(Beta_100_100)Min_MnEx(X=
0).jpg>] (./comparison.aux) ) 
Here is how much of TeX's memory you used:
 3867 strings out of 493014
 60535 string characters out of 6133350
 123546 words of memory out of 5000000
 7282 multiletter control sequences out of 15000+600000
 11503 words of font info for 45 fonts, out of 8000000 for 9000
 1141 hyphenation exceptions out of 8191
 38i,9n,26p,346b,366s stack positions out of 5000i,500n,10000p,200000b,80000s
</usr/local/texlive/2016/texmf-dist/fonts/type1/pu
blic/amsfonts/cm/cmbx10.pfb></usr/local/texlive/2016/texmf-dist/fonts/type1/pub
lic/amsfonts/cm/cmbx12.pfb></usr/local/texlive/2016/texmf-dist/fonts/type1/publ
ic/amsfonts/cm/cmex10.pfb></usr/local/texlive/2016/texmf-dist/fonts/type1/publi
c/amsfonts/cm/cmmi10.pfb></usr/local/texlive/2016/texmf-dist/fonts/type1/public
/amsfonts/cm/cmmi7.pfb></usr/local/texlive/2016/texmf-dist/fonts/type1/public/a
msfonts/cm/cmr10.pfb></usr/local/texlive/2016/texmf-dist/fonts/type1/public/ams
fonts/cm/cmr17.pfb></usr/local/texlive/2016/texmf-dist/fonts/type1/public/amsfo
nts/cm/cmr7.pfb></usr/local/texlive/2016/texmf-dist/fonts/type1/public/amsfonts
/cm/cmsy10.pfb></usr/local/texlive/2016/texmf-dist/fonts/type1/public/amsfonts/
cm/cmsy7.pfb>
Output written on comparison.pdf (10 pages, 2242062 bytes).
PDF statistics:
 129 PDF objects out of 1000 (max. 8388607)
 54 compressed objects within 1 object stream
 0 named destinations out of 1000 (max. 500000)
 261 words of extra memory for PDF output out of 10000 (max. 10000000)

